info @storybook/react v6.5.16
info 
info => Cleaning outputDir: /tmp/chromatic--229750-XzTJvWCLptdz
info => Loading presets
info => Compiling manager..
info => Compiling preview..
info Addon-docs: using MDX1
info => Using PostCSS preset with postcss@8.4.21
info => Using default Webpack4 setup
<s> [webpack.Progress] 0% compiling
<s> [webpack.Progress] 10% building 0/0 modules 0 active 
<s> [webpack.Progress] 10% building 0/1 modules 1 active multi /home/ricardo/Documents/REACT__COURSE/REACT_ _TS/STORY_BOOK/my-storybook/node_modules/@storybook/core-client/dist/esm/globals/polyfills.js /home/ricardo/Documents/REACT__COURSE/REACT_ _TS/STORY_BOOK/my-storybook/node_modules/@storybook/core-client/dist/esm/globals/globals.js /home/ricardo/Documents/REACT__COURSE/REACT_ _TS/STORY_BOOK/my-storybook/storybook-init-framework-entry.js /home/ricardo/Documents/REACT__COURSE/REACT_ _TS/STORY_BOOK/my-storybook/node_modules/@storybook/react/dist/esm/client/docs/config-generated-config-entry.js /home/ricardo/Documents/REACT__COURSE/REACT_ _TS/STORY_BOOK/my-storybook/node_modules/@storybook/react/dist/esm/client/preview/config-generated-config-entry.js /home/ricardo/Documents/REACT__COURSE/REACT_ _TS/STORY_BOOK/my-storybook/node_modules/@storybook/addon-links/preview.js-generated-config-entry.js /home/ricardo/Documents/REACT__COURSE/REACT_ _TS/STORY_BOOK/my-storybook/node_modules/@storybook/addon-docs/preview.js-generated-config-entry.js /home/ricardo/Documents/REACT__COURSE/REACT_ _TS/STORY_BOOK/my-storybook/node_modules/@storybook/addon-actions/preview.js-generated-config-entry.js /home/ricardo/Documents/REACT__COURSE/REACT_ _TS/STORY_BOOK/my-storybook/node_modules/@storybook/addon-backgrounds/preview.js-generated-config-entry.js /home/ricardo/Documents/REACT__COURSE/REACT_ _TS/STORY_BOOK/my-storybook/node_modules/@storybook/addon-measure/preview.js-generated-config-entry.js /home/ricardo/Documents/REACT__COURSE/REACT_ _TS/STORY_BOOK/my-storybook/node_modules/@storybook/addon-outline/preview.js-generated-config-entry.js /home/ricardo/Documents/REACT__COURSE/REACT_ _TS/STORY_BOOK/my-storybook/node_modules/@storybook/addon-interactions/preview.js-generated-config-entry.js /home/ricardo/Documents/REACT__COURSE/REACT_ _TS/STORY_BOOK/my-storybook/.storybook/preview.js-generated-config-entry.js /home/ricardo/Documents/REACT__COURSE/REACT_ _TS/STORY_BOOK/my-storybook/generated-stories-entry.js
<s> [webpack.Progress] 10% building 1/1 modules 0 active 
(node:229845) ExperimentalWarning: The Fetch API is an experimental feature. This feature could change at any time
(Use `node --trace-warnings ...` to show where the warning was created)
<s> [webpack.Progress] 10% building 1/2 modules 1 active /home/ricardo/Documents/REACT__COURSE/REACT_ _TS/STORY_BOOK/my-storybook/node_modules/@storybook/addon-links/preview.js-generated-config-entry.js
<s> [webpack.Progress] 10% building 1/3 modules 2 active /home/ricardo/Documents/REACT__COURSE/REACT_ _TS/STORY_BOOK/my-storybook/node_modules/@storybook/addon-docs/preview.js-generated-config-entry.js
<s> [webpack.Progress] 10% building 1/4 modules 3 active /home/ricardo/Documents/REACT__COURSE/REACT_ _TS/STORY_BOOK/my-storybook/node_modules/@storybook/addon-actions/preview.js-generated-config-entry.js
<s> [webpack.Progress] 10% building 1/5 modules 4 active /home/ricardo/Documents/REACT__COURSE/REACT_ _TS/STORY_BOOK/my-storybook/node_modules/@storybook/addon-backgrounds/preview.js-generated-config-entry.js
<s> [webpack.Progress] 10% building 1/6 modules 5 active /home/ricardo/Documents/REACT__COURSE/REACT_ _TS/STORY_BOOK/my-storybook/node_modules/@storybook/addon-measure/preview.js-generated-config-entry.js
<s> [webpack.Progress] 10% building 1/7 modules 6 active /home/ricardo/Documents/REACT__COURSE/REACT_ _TS/STORY_BOOK/my-storybook/node_modules/@storybook/addon-outline/preview.js-generated-config-entry.js
<s> [webpack.Progress] 10% building 1/8 modules 7 active /home/ricardo/Documents/REACT__COURSE/REACT_ _TS/STORY_BOOK/my-storybook/node_modules/@storybook/addon-interactions/preview.js-generated-config-entry.js
node:internal/crypto/hash:71
  this[kHandle] = new _Hash(algorithm, xofLen);
                  ^

Error: error:0308010C:digital envelope routines::unsupported
    at new Hash (node:internal/crypto/hash:71:19)
    at Object.createHash (node:crypto:133:10)
    at module.exports (/home/ricardo/Documents/REACT__COURSE/REACT_ _TS/STORY_BOOK/my-storybook/node_modules/@storybook/builder-webpack4/node_modules/webpack/lib/util/createHash.js:135:53)
    at NormalModule._initBuildHash (/home/ricardo/Documents/REACT__COURSE/REACT_ _TS/STORY_BOOK/my-storybook/node_modules/@storybook/builder-webpack4/node_modules/webpack/lib/NormalModule.js:417:16)
    at handleParseError (/home/ricardo/Documents/REACT__COURSE/REACT_ _TS/STORY_BOOK/my-storybook/node_modules/@storybook/builder-webpack4/node_modules/webpack/lib/NormalModule.js:471:10)
    at /home/ricardo/Documents/REACT__COURSE/REACT_ _TS/STORY_BOOK/my-storybook/node_modules/@storybook/builder-webpack4/node_modules/webpack/lib/NormalModule.js:503:5
    at /home/ricardo/Documents/REACT__COURSE/REACT_ _TS/STORY_BOOK/my-storybook/node_modules/@storybook/builder-webpack4/node_modules/webpack/lib/NormalModule.js:358:12
    at /home/ricardo/Documents/REACT__COURSE/REACT_ _TS/STORY_BOOK/my-storybook/node_modules/@storybook/builder-webpack4/node_modules/loader-runner/lib/LoaderRunner.js:373:3
    at iterateNormalLoaders (/home/ricardo/Documents/REACT__COURSE/REACT_ _TS/STORY_BOOK/my-storybook/node_modules/@storybook/builder-webpack4/node_modules/loader-runner/lib/LoaderRunner.js:214:10)
    at /home/ricardo/Documents/REACT__COURSE/REACT_ _TS/STORY_BOOK/my-storybook/node_modules/@storybook/builder-webpack4/node_modules/loader-runner/lib/LoaderRunner.js:205:4
    at /home/ricardo/Documents/REACT__COURSE/REACT_ _TS/STORY_BOOK/my-storybook/node_modules/@storybook/builder-webpack4/node_modules/enhanced-resolve/lib/CachedInputFileSystem.js:85:15
    at process.processTicksAndRejections (node:internal/process/task_queues:77:11) {
  opensslErrorStack: [ 'error:03000086:digital envelope routines::initialization error' ],
  library: 'digital envelope routines',
  reason: 'unsupported',
  code: 'ERR_OSSL_EVP_UNSUPPORTED'
}

Node.js v18.6.0
